This is TeX, Version 3.141592 (MiKTeX 2.6) (preloaded format=tex 2008.2.27)  27 FEB 2008 13:06
**ex1.tex
(ex1.tex
\Ancha=\box16
\x=\box17
\y=\box18
 (epsf.tex
\epsffilein=\read0
\epsfxsize=\dimen16
\epsfysize=\dimen17
\epsftsize=\dimen18
\epsfrsize=\dimen19
\epsftmp=\dimen20
\pspoints=\dimen21
) (epsf.tex
\epsffilein=\read1
\epsfxsize=\dimen22
\epsfysize=\dimen23
\epsftsize=\dimen24
\epsfrsize=\dimen25
\epsftmp=\dimen26
\pspoints=\dimen27
) [1] )
Output written on ex1.dvi (1 page, 2796 bytes).
