This is TeX, Version 3.141592 (Web2C 7.5.4) (format=tex 2006.11.27)  29 NOV 2006 13:20
**FETI00_3.tex
(./FETI00_3.tex (./exfeti.sty
\Ancha=\box16
\pagewidth=\dimen16
\pageheight=\dimen17
\ruleht=\dimen18
\x=\box17
\y=\box18
\boxitsep=\dimen19
\anchito=\dimen20
\boxitsep=\dimen21
\z=\box19
\w=\box20
)
\Ancha=\box21
 (./epsf.tex
\epsffilein=\read0
\epsfxsize=\dimen22
\epsfysize=\dimen23
\epsftsize=\dimen24
\epsfrsize=\dimen25
\epsftmp=\dimen26
\pspoints=\dimen27
) [1] [2] )
Output written on FETI00_3.dvi (2 pages, 4256 bytes).
