This is TeX, Version 3.141592 (MiKTeX 2.5) (preloaded format=tex 2006.10.31)  8 NOV 2006 20:22
**FETI01sem_2_5.tex
(FETI01sem_2_5.tex (exfeti.sty
\Ancha=\box16
\pagewidth=\dimen16
\pageheight=\dimen17
\ruleht=\dimen18
\x=\box17
\y=\box18
\boxitsep=\dimen19
\anchito=\dimen20
\boxitsep=\dimen21
\z=\box19
\w=\box20
)
\Ancha=\box21
 (epsf.tex
\epsffilein=\read0
\epsfxsize=\dimen22
\epsfysize=\dimen23
\epsftsize=\dimen24
\epsfrsize=\dimen25
\epsftmp=\dimen26
\pspoints=\dimen27
) [1] [2] )
(\end occurred inside a group at level 1)
Output written on FETI01sem_2_5.dvi (2 pages, 6708 bytes).
