This is TeX, Version 3.141592 (MiKTeX 2.5) (preloaded format=tex 2006.10.13)  13 OCT 2006 15:23
**ModIII_I_1_02.tex
(ModIII_I_1_02.tex (exfeti.sty
\Ancha=\box16
\pagewidth=\dimen16
\pageheight=\dimen17
\ruleht=\dimen18
\x=\box17
\y=\box18
\boxitsep=\dimen19
\anchito=\dimen20
\boxitsep=\dimen21
\z=\box19
\w=\box20
)
\Ancha=\box21
 (epsf.tex
\epsffilein=\read0
\epsfxsize=\dimen22
\epsfysize=\dimen23
\epsftsize=\dimen24
\epsfrsize=\dimen25
\epsftmp=\dimen26
\pspoints=\dimen27
) (epsf.tex
\epsffilein=\read1
\epsfxsize=\dimen28
\epsfysize=\dimen29
\epsftsize=\dimen30
\epsfrsize=\dimen31
\epsftmp=\dimen32
\pspoints=\dimen33
) [1] )
(\end occurred inside a group at level 1)
Output written on ModIII_I_1_02.dvi (1 page, 2088 bytes).
